UT61E: Handmultimeter der chinesischen Firma UNI-Trend
Vergleichbare Paketisierung: UT61B, identisch
Vergleichbares Protokoll: UT70B, aber verschieden genug

Counts: 22000 (5-stellig)
DCB: 19200 Baud,7,1,Odd,DTR+,RTS-
Paket: Länge 14, TotalTimeOut: 1000?, Markierung: "\r\n", eindeutig
UT61E.exe: HidD_SetFeature: magisches Byte immer noch 3 - Software geht nicht!

			 0  1  2  3  4  5  6  7  8  9 10 11 12 13

DC  0.0000 V AUTO BG	30 30 30 30 30 30 3B 30 30 30 3A 30 0D 0A
DC  0.0000 V MANU BG	30 30 30 30 30 30 3B 30 30 30 38 30 0D 0A
DC   0.000 V MANU BG	31 30 30 30 30 30 3B 30 30 30 38 30 0D 0A	UT61E.EXE zeigt stets führende Nullen
DC    0.00 V MANU BG	32 30 30 30 30 30 3B 30 30 30 38 30 0D 0A
DC     0.0 V MANU BG	33 30 30 30 30 30 3B 30 30 30 38 30 0D 0A
DC -0.0000 V M. BG Rel	30 30 30 30 30 30 3B 30 32 30 38 30 0D 0A
DC  0.0197 V M. BG MAX	30 30 30 31 39 37 3B 30 30 34 38 30 0D 0A
DC -0.0222 V M. BG MIN	30 30 30 32 32 32 3B 34 30 32 38 30 0D 0A
DC    0.00 Hz AUTO	30 30 30 30 30 30 3B 30 30 30 3B 30 0D 0A 	
DC  0.0000 V A. LowBat	30 30 30 30 30 30 3B 32 30 30 3A 30 0D 0A 	

DC - 30.55 mV MANU BG	34 30 33 30 35 35 3B 34 30 30 38 30 0D 0A	Keine Bereichsumschaltung!
AC   81.53 mV MANU BG	34 30 38 31 35 33 3B 30 30 30 34 30 0D 0A
DC    0.00 Hz AUTO	30 30 30 30 30 30 3B 30 30 30 3B 30 0D 0A 	unabhängig ob V- oder mV-Bereich!
DC    50.0 Hz AUTO	31 30 30 35 30 30 3B 30 30 30 3B 30 0D 0A 	
DC    49.4 % MANU	30 30 30 34 39 34 3B 38 30 30 39 30 0D 0A 	
    UL .   % MANU	30 30 30 30 30 30 3B 38 30 38 39 30 0D 0A 	

     0L.   MOhm AUTO	36 32 32 35 38 30 33 31 30 30 32 30 0D 0A
     0L.   MOhm MANU	36 32 32 35 38 30 33 31 30 30 30 30 0D 0A
      0.00 MOhm MANU	36 30 30 30 30 30 33 30 30 30 30 30 0D 0A
     0L.   Ohm MANU	30 32 32 35 38 30 33 31 30 30 30 30 0D 0A
     .0L   kOhm MANU	31 32 32 35 38 30 33 31 30 30 30 30 0D 0A
     0.L   kOhm MANU	32 32 32 35 38 30 33 31 30 30 30 30 0D 0A
     0L.   kOhm MANU	33 32 32 35 38 30 33 31 30 30 30 30 0D 0A
     .0L   MOhm MANU	34 32 32 35 38 30 33 31 30 30 30 30 0D 0A
     0.L   MOhm MANU	35 32 32 35 38 30 33 31 30 30 30 30 0D 0A
     0L.   Ohm M. Pieps	30 32 32 35 38 30 35 31 30 30 30 30 0D 0A	Keine Bereichsumschaltung!
     .0L   V MANU Diode	30 32 32 35 38 30 31 31 30 30 30 30 0D 0A	Keine Bereichsumschaltung!

     0.042 nF AUTO	30 30 30 30 34 32 36 30 30 30 32 30 0D 0A 	
      0.03 nF MANU	31 30 30 30 30 33 36 30 30 30 30 30 0D 0A
    0.0000 µF MANU	32 30 30 30 30 30 36 30 30 30 30 30 0D 0A 	
     0.000 µF MANU	33 30 30 30 30 30 36 30 30 30 30 30 0D 0A 	
      0.00 µF MANU	34 30 30 30 30 30 36 30 30 30 30 30 0D 0A 	
    0.0000 mF MANU	35 30 30 30 30 30 36 30 30 30 30 30 0D 0A 	
     0.000 mF MANU	36 30 30 30 30 30 36 30 30 30 30 30 0D 0A 	
      0.00 mF MANU	37 30 30 30 30 30 36 30 30 30 30 30 0D 0A 	

      0.00 Hz AUTO	30 30 30 30 30 30 32 30 30 30 32 30 0D 0A 	
       0.0 Hz MANU	31 30 30 30 30 30 32 30 30 30 30 30 0D 0A 	
    0.0000 kHz MANU	Diesen Bereich gibt es nicht!
     0.000 kHz MANU	33 30 30 30 30 30 32 30 30 30 30 30 0D 0A 	
      0.00 kHz MANU	34 30 30 30 30 30 32 30 30 30 30 30 0D 0A 	
    0.0000 MHz MANU	35 30 30 30 30 30 32 30 30 30 30 30 0D 0A 	
     0.000 MHz MANU	36 30 30 30 30 30 32 30 30 30 30 30 0D 0A 	
      0.00 MHz MANU	37 30 30 30 30 30 32 30 30 30 30 30 0D 0A 	
    UL .   % MANU	30 30 30 30 30 30 32 38 30 38 30 30 0D 0A	UT61E.EXE zeigt "00L0.0 %"
      16.3 % MANU	34 30 30 31 36 33 32 38 30 30 30 30 0D 0A 	

DC    0.00 µA AUTO	30 30 30 30 30 30 3D 30 30 30 3A 30 0D 0A	UT61E.EXE zeigt u.a. auch den Bereich: ±220
DC     0.0 µA MANU	31 30 30 30 30 30 3D 30 30 30 38 30 0D 0A	UT61E.EXE zeigt hier den Bereich falsch!
AC     0.9 µA MANU	31 30 30 30 30 39 3D 30 30 30 34 30 0D 0A
AC    0.00 Hz AUTO	30 30 30 30 30 30 3D 30 30 30 37 30 0D 0A
AC  UL .   % MANU	30 30 30 30 30 30 3D 38 30 38 35 30 0D 0A 	

AC   0.007 mA AUTO	30 30 30 30 30 37 3F 30 30 30 36 30 0D 0A
AC    0.03 mA AUTO	31 30 30 30 30 33 3F 30 30 30 34 30 0D 0A

AC   0.016 A MANU	30 30 30 30 31 36 30 30 30 30 34 30 0D 0A 	
AC   0.000 A MANU HOLD	30 30 30 30 30 30 30 30 30 30 34 32 0D 0A 	


Byte			6	5	4	3	2	1	0
[0]	Bereich		0	1	1	0	====siehe unten===
[1]	1. Ziffer	0	1	1	===========Ziffer=========
[2]	2. Ziffer	0	1	1	===========Ziffer=========
[3]	3. Ziffer	0	1	1	===========Ziffer=========
[4]	4. Ziffer	0	1	1	===========Ziffer=========
[5]	5. Ziffer	0	1	1	===========Ziffer=========
[6]	Schalterst.	0	1	1	========siehe unten=======
[7]	Info		0	1	1	%	NEG	LowBat	OVL
[8]	Rel		0	1	1	0[MAX]	0[MIN]	Rel	0[RMR]	// Angaben in [] laut Datenblatt
[9]	Limit		0	1	1	UL	MAX	MIN	0	// MIN und MAX wird wechselweise übertragen
[10]	Kopplung	0	1	1	DC	AC	AUTO	Hz	// DC und AC nie kombiniert	
[11]	Hold		0	1	1	0	0[VBAR]	HOLD	0[LPF]
[12]	'\r'		0	0	0	1	1	0	1
[13]	'\n'		0	0	0	1	0	1	0
UL = 1 bei Frequenz < 2 Hz (22-Hz-Bereich), < 20 Hz (220-Hz-Bereich), Tastverhältnis < 10 % []

LoNibble(Byte[6]):	B	3	6	2	D	F	0	2
Bereich (Byte[0]):	V, mV	Ohm	F	Hz	µA	mA	A	%
	'0'		2.2000	220.00	22.000n	220.00	220.00µ	22.000m	10.000	100.0*
	'1'		22.000	2.2000k	220.00n	2200.0	2200.0µ	220.00m	-	100.0*
	'2'		220.00	22.000k	2.2000µ	-	-	-	-	-
	'3'		1000.0	220.00k	22.000µ	22.000k	-	-	-	100.0*
	'4'		220.00m	2.2.00M	220.00µ	220.00k	-	-	-	100.0*
	'5'		-	22.000M	2.2000m	2.2000M	-	-	-	100.0*
	'6'		-	220.00M	22.000m	22.000M	-	-	-	100.0*
	'7'		-	-	220.00m	220.00M	-	-	-	100.0*

*: Tastverhältnis-Anzeige (4-stellig!): Bereichsangabe bezieht sich auf Frequenzmessung

Schalterstellung (Byte[6]):
	'0'	A
	'1'	Diode
	'2'	Hz, %
	'3'	Ohm
	'4'	°C	[lt. Datenblatt Cyrustek ES51922P; Ziffern stets °C auch wenn Anzeige °F]
	'5'	Pieps
	'6'	F
	'9'	A	[lt. Datenblatt "Manual A Current"]
	';'(3B)	V, mV
	'='(3D)	µA
	' '(3E)	ADP	[lt. Datenblatt]
	'?'(3F)	mA
